{"/app/src/server.js": {"path":"/app/src/server.js","statementMap":{"0":{"start":{"line":1,"column":0},"end":{"line":1,"column":26}},"1":{"start":{"line":2,"column":13},"end":{"line":2,"column":28}},"2":{"start":{"line":3,"column":16},"end":{"line":3,"column":34}},"3":{"start":{"line":4,"column":17},"end":{"line":4,"column":36}},"4":{"start":{"line":5,"column":0},"end":{"line":5,"column":34}},"5":{"start":{"line":6,"column":13},"end":{"line":6,"column":28}},"6":{"start":{"line":8,"column":19},"end":{"line":8,"column":43}},"7":{"start":{"line":9,"column":19},"end":{"line":9,"column":43}},"8":{"start":{"line":10,"column":18},"end":{"line":10,"column":39}},"9":{"start":{"line":12,"column":14},"end":{"line":33,"column":1}},"10":{"start":{"line":13,"column":4},"end":{"line":32,"column":6}},"11":{"start":{"line":15,"column":17},"end":{"line":15,"column":41}},"12":{"start":{"line":16,"column":4},"end":{"line":18,"column":54}},"13":{"start":{"line":17,"column":16},"end":{"line":17,"column":50}},"14":{"start":{"line":18,"column":18},"end":{"line":18,"column":53}},"15":{"start":{"line":20,"column":16},"end":{"line":20,"column":25}},"16":{"start":{"line":21,"column":4},"end":{"line":21,"column":27}},"17":{"start":{"line":22,"column":4},"end":{"line":22,"column":19}},"18":{"start":{"line":24,"column":4},"end":{"line":24,"column":36}},"19":{"start":{"line":25,"column":4},"end":{"line":25,"column":37}},"20":{"start":{"line":26,"column":4},"end":{"line":26,"column":59}},"21":{"start":{"line":27,"column":4},"end":{"line":31,"column":7}},"22":{"start":{"line":28,"column":23},"end":{"line":28,"column":62}},"23":{"start":{"line":28,"column":46},"end":{"line":28,"column":61}},"24":{"start":{"line":30,"column":8},"end":{"line":30,"column":20}},"25":{"start":{"line":35,"column":0},"end":{"line":35,"column":43}}},"fnMap":{"0":{"name":"(anonymous_0)","decl":{"start":{"line":12,"column":14},"end":{"line":12,"column":15}},"loc":{"start":{"line":12,"column":25},"end":{"line":33,"column":1}},"line":12},"1":{"name":"(anonymous_1)","decl":{"start":{"line":13,"column":23},"end":{"line":13,"column":24}},"loc":{"start":{"line":13,"column":41},"end":{"line":32,"column":5}},"line":13},"2":{"name":"(anonymous_2)","decl":{"start":{"line":17,"column":10},"end":{"line":17,"column":11}},"loc":{"start":{"line":17,"column":16},"end":{"line":17,"column":50}},"line":17},"3":{"name":"(anonymous_3)","decl":{"start":{"line":18,"column":11},"end":{"line":18,"column":12}},"loc":{"start":{"line":18,"column":18},"end":{"line":18,"column":53}},"line":18},"4":{"name":"(anonymous_4)","decl":{"start":{"line":28,"column":40},"end":{"line":28,"column":41}},"loc":{"start":{"line":28,"column":46},"end":{"line":28,"column":61}},"line":28}},"branchMap":{"0":{"loc":{"start":{"line":15,"column":17},"end":{"line":15,"column":41}},"type":"binary-expr","locations":[{"start":{"line":15,"column":17},"end":{"line":15,"column":33}},{"start":{"line":15,"column":37},"end":{"line":15,"column":41}}],"line":15},"1":{"loc":{"start":{"line":27,"column":4},"end":{"line":31,"column":7}},"type":"if","locations":[{"start":{"line":27,"column":4},"end":{"line":31,"column":7}},{"start":{"line":29,"column":13},"end":{"line":31,"column":7}}],"line":27}},"s":{"0":1,"1":1,"2":1,"3":1,"4":1,"5":1,"6":1,"7":1,"8":1,"9":1,"10":1,"11":1,"12":1,"13":1,"14":0,"15":1,"16":1,"17":1,"18":1,"19":1,"20":1,"21":1,"22":0,"23":0,"24":1,"25":1},"f":{"0":1,"1":1,"2":1,"3":0,"4":0},"b":{"0":[1,0],"1":[0,1]},"_coverageSchema":"1a1c01bbd47fc00a2c39e90264f33305004495a9","hash":"2c020fadffe7a131414053c5f38596ea4408c47d"}
,"/app/src/controllers/book.js": {"path":"/app/src/controllers/book.js","statementMap":{"0":{"start":{"line":1,"column":13},"end":{"line":1,"column":38}},"1":{"start":{"line":2,"column":11},"end":{"line":2,"column":33}},"2":{"start":{"line":3,"column":13},"end":{"line":3,"column":28}},"3":{"start":{"line":5,"column":0},"end":{"line":18,"column":2}},"4":{"start":{"line":6,"column":21},"end":{"line":6,"column":29}},"5":{"start":{"line":7,"column":15},"end":{"line":11,"column":4}},"6":{"start":{"line":12,"column":2},"end":{"line":17,"column":3}},"7":{"start":{"line":13,"column":22},"end":{"line":13,"column":39}},"8":{"start":{"line":14,"column":4},"end":{"line":14,"column":40}},"9":{"start":{"line":16,"column":4},"end":{"line":16,"column":36}},"10":{"start":{"line":20,"column":0},"end":{"line":27,"column":2}},"11":{"start":{"line":21,"column":2},"end":{"line":26,"column":3}},"12":{"start":{"line":22,"column":18},"end":{"line":22,"column":35}},"13":{"start":{"line":23,"column":4},"end":{"line":23,"column":32}},"14":{"start":{"line":25,"column":4},"end":{"line":25,"column":36}},"15":{"start":{"line":29,"column":0},"end":{"line":36,"column":2}},"16":{"start":{"line":30,"column":2},"end":{"line":35,"column":3}},"17":{"start":{"line":31,"column":17},"end":{"line":31,"column":59}},"18":{"start":{"line":32,"column":4},"end":{"line":32,"column":31}},"19":{"start":{"line":34,"column":4},"end":{"line":34,"column":36}},"20":{"start":{"line":38,"column":0},"end":{"line":55,"column":2}},"21":{"start":{"line":39,"column":2},"end":{"line":54,"column":3}},"22":{"start":{"line":40,"column":17},"end":{"line":40,"column":59}},"23":{"start":{"line":41,"column":4},"end":{"line":43,"column":5}},"24":{"start":{"line":42,"column":6},"end":{"line":42,"column":68}},"25":{"start":{"line":44,"column":4},"end":{"line":46,"column":5}},"26":{"start":{"line":45,"column":6},"end":{"line":45,"column":72}},"27":{"start":{"line":48,"column":21},"end":{"line":48,"column":52}},"28":{"start":{"line":49,"column":4},"end":{"line":49,"column":51}},"29":{"start":{"line":50,"column":4},"end":{"line":50,"column":49}},"30":{"start":{"line":51,"column":4},"end":{"line":51,"column":56}},"31":{"start":{"line":53,"column":4},"end":{"line":53,"column":80}},"32":{"start":{"line":57,"column":0},"end":{"line":79,"column":2}},"33":{"start":{"line":58,"column":2},"end":{"line":78,"column":3}},"34":{"start":{"line":59,"column":23},"end":{"line":64,"column":23}},"35":{"start":{"line":66,"column":17},"end":{"line":66,"column":59}},"36":{"start":{"line":67,"column":4},"end":{"line":69,"column":5}},"37":{"start":{"line":68,"column":6},"end":{"line":68,"column":63}},"38":{"start":{"line":71,"column":24},"end":{"line":73,"column":6}},"39":{"start":{"line":75,"column":4},"end":{"line":75,"column":62}},"40":{"start":{"line":77,"column":4},"end":{"line":77,"column":43}},"41":{"start":{"line":81,"column":0},"end":{"line":89,"column":2}},"42":{"start":{"line":82,"column":2},"end":{"line":88,"column":3}},"43":{"start":{"line":83,"column":23},"end":{"line":83,"column":31}},"44":{"start":{"line":84,"column":4},"end":{"line":84,"column":86}},"45":{"start":{"line":85,"column":4},"end":{"line":85,"column":60}},"46":{"start":{"line":87,"column":4},"end":{"line":87,"column":36}}},"fnMap":{"0":{"name":"(anonymous_0)","decl":{"start":{"line":5,"column":24},"end":{"line":5,"column":25}},"loc":{"start":{"line":5,"column":44},"end":{"line":18,"column":1}},"line":5},"1":{"name":"(anonymous_1)","decl":{"start":{"line":20,"column":22},"end":{"line":20,"column":23}},"loc":{"start":{"line":20,"column":42},"end":{"line":27,"column":1}},"line":20},"2":{"name":"(anonymous_2)","decl":{"start":{"line":29,"column":21},"end":{"line":29,"column":22}},"loc":{"start":{"line":29,"column":41},"end":{"line":36,"column":1}},"line":29},"3":{"name":"(anonymous_3)","decl":{"start":{"line":38,"column":21},"end":{"line":38,"column":22}},"loc":{"start":{"line":38,"column":41},"end":{"line":55,"column":1}},"line":38},"4":{"name":"(anonymous_4)","decl":{"start":{"line":57,"column":21},"end":{"line":57,"column":22}},"loc":{"start":{"line":57,"column":41},"end":{"line":79,"column":1}},"line":57},"5":{"name":"(anonymous_5)","decl":{"start":{"line":81,"column":25},"end":{"line":81,"column":26}},"loc":{"start":{"line":81,"column":45},"end":{"line":89,"column":1}},"line":81}},"branchMap":{"0":{"loc":{"start":{"line":41,"column":4},"end":{"line":43,"column":5}},"type":"if","locations":[{"start":{"line":41,"column":4},"end":{"line":43,"column":5}},{"start":{},"end":{}}],"line":41},"1":{"loc":{"start":{"line":44,"column":4},"end":{"line":46,"column":5}},"type":"if","locations":[{"start":{"line":44,"column":4},"end":{"line":46,"column":5}},{"start":{},"end":{}}],"line":44},"2":{"loc":{"start":{"line":59,"column":23},"end":{"line":64,"column":23}},"type":"cond-expr","locations":[{"start":{"line":60,"column":8},"end":{"line":63,"column":9}},{"start":{"line":64,"column":8},"end":{"line":64,"column":23}}],"line":59},"3":{"loc":{"start":{"line":67,"column":4},"end":{"line":69,"column":5}},"type":"if","locations":[{"start":{"line":67,"column":4},"end":{"line":69,"column":5}},{"start":{},"end":{}}],"line":67}},"s":{"0":1,"1":1,"2":1,"3":1,"4":1,"5":1,"6":1,"7":1,"8":1,"9":0,"10":1,"11":1,"12":1,"13":1,"14":0,"15":1,"16":1,"17":1,"18":1,"19":0,"20":1,"21":2,"22":2,"23":2,"24":1,"25":1,"26":0,"27":1,"28":1,"29":1,"30":1,"31":0,"32":1,"33":1,"34":1,"35":1,"36":1,"37":0,"38":1,"39":1,"40":0,"41":1,"42":1,"43":1,"44":1,"45":1,"46":0},"f":{"0":1,"1":1,"2":1,"3":2,"4":1,"5":1},"b":{"0":[1,1],"1":[0,1],"2":[0,1],"3":[0,1]},"_coverageSchema":"1a1c01bbd47fc00a2c39e90264f33305004495a9","hash":"458d404a67512bdf9c50ce55922e6a3fab84a95b"}
,"/app/src/controllers/user.js": {"path":"/app/src/controllers/user.js","statementMap":{"0":{"start":{"line":1,"column":0},"end":{"line":1,"column":26}},"1":{"start":{"line":2,"column":15},"end":{"line":2,"column":32}},"2":{"start":{"line":3,"column":12},"end":{"line":3,"column":35}},"3":{"start":{"line":4,"column":13},"end":{"line":4,"column":38}},"4":{"start":{"line":5,"column":21},"end":{"line":5,"column":45}},"5":{"start":{"line":8,"column":0},"end":{"line":22,"column":1}},"6":{"start":{"line":10,"column":4},"end":{"line":21,"column":5}},"7":{"start":{"line":11,"column":31},"end":{"line":11,"column":72}},"8":{"start":{"line":12,"column":21},"end":{"line":16,"column":10}},"9":{"start":{"line":17,"column":8},"end":{"line":17,"column":25}},"10":{"start":{"line":18,"column":8},"end":{"line":18,"column":34}},"11":{"start":{"line":20,"column":8},"end":{"line":20,"column":39}},"12":{"start":{"line":24,"column":0},"end":{"line":48,"column":1}},"13":{"start":{"line":25,"column":4},"end":{"line":47,"column":5}},"14":{"start":{"line":26,"column":21},"end":{"line":26,"column":66}},"15":{"start":{"line":27,"column":8},"end":{"line":44,"column":9}},"16":{"start":{"line":28,"column":12},"end":{"line":28,"column":87}},"17":{"start":{"line":30,"column":36},"end":{"line":30,"column":90}},"18":{"start":{"line":31,"column":12},"end":{"line":43,"column":13}},"19":{"start":{"line":32,"column":16},"end":{"line":32,"column":91}},"20":{"start":{"line":34,"column":16},"end":{"line":42,"column":18}},"21":{"start":{"line":46,"column":8},"end":{"line":46,"column":39}}},"fnMap":{"0":{"name":"(anonymous_0)","decl":{"start":{"line":8,"column":17},"end":{"line":8,"column":18}},"loc":{"start":{"line":8,"column":37},"end":{"line":22,"column":1}},"line":8},"1":{"name":"(anonymous_1)","decl":{"start":{"line":24,"column":16},"end":{"line":24,"column":17}},"loc":{"start":{"line":24,"column":36},"end":{"line":48,"column":1}},"line":24}},"branchMap":{"0":{"loc":{"start":{"line":27,"column":8},"end":{"line":44,"column":9}},"type":"if","locations":[{"start":{"line":27,"column":8},"end":{"line":44,"column":9}},{"start":{"line":29,"column":15},"end":{"line":44,"column":9}}],"line":27},"1":{"loc":{"start":{"line":31,"column":12},"end":{"line":43,"column":13}},"type":"if","locations":[{"start":{"line":31,"column":12},"end":{"line":43,"column":13}},{"start":{"line":33,"column":19},"end":{"line":43,"column":13}}],"line":31}},"s":{"0":1,"1":1,"2":1,"3":1,"4":1,"5":1,"6":1,"7":1,"8":1,"9":1,"10":1,"11":0,"12":1,"13":3,"14":3,"15":3,"16":1,"17":2,"18":2,"19":1,"20":1,"21":0},"f":{"0":1,"1":3},"b":{"0":[1,2],"1":[1,1]},"_coverageSchema":"1a1c01bbd47fc00a2c39e90264f33305004495a9","hash":"6a7d6eed09b16218895ccfbf7a06a23705e8cb4d"}
,"/app/src/middleware/auth.js": {"path":"/app/src/middleware/auth.js","statementMap":{"0":{"start":{"line":1,"column":0},"end":{"line":1,"column":26}},"1":{"start":{"line":2,"column":12},"end":{"line":2,"column":35}},"2":{"start":{"line":3,"column":21},"end":{"line":3,"column":45}},"3":{"start":{"line":5,"column":0},"end":{"line":17,"column":1}},"4":{"start":{"line":6,"column":4},"end":{"line":16,"column":5}},"5":{"start":{"line":7,"column":22},"end":{"line":7,"column":61}},"6":{"start":{"line":8,"column":29},"end":{"line":8,"column":60}},"7":{"start":{"line":9,"column":23},"end":{"line":9,"column":42}},"8":{"start":{"line":10,"column":8},"end":{"line":12,"column":9}},"9":{"start":{"line":13,"column":8},"end":{"line":13,"column":14}},"10":{"start":{"line":15,"column":8},"end":{"line":15,"column":67}}},"fnMap":{"0":{"name":"(anonymous_0)","decl":{"start":{"line":5,"column":17},"end":{"line":5,"column":18}},"loc":{"start":{"line":5,"column":37},"end":{"line":17,"column":1}},"line":5}},"branchMap":{},"s":{"0":1,"1":1,"2":1,"3":1,"4":7,"5":7,"6":7,"7":5,"8":5,"9":5,"10":2},"f":{"0":7},"b":{},"_coverageSchema":"1a1c01bbd47fc00a2c39e90264f33305004495a9","hash":"71d944283da6547230f7dd6bfd07e02758389576"}
,"/app/src/middleware/multer-config.js": {"path":"/app/src/middleware/multer-config.js","statementMap":{"0":{"start":{"line":1,"column":15},"end":{"line":1,"column":32}},"1":{"start":{"line":3,"column":19},"end":{"line":7,"column":1}},"2":{"start":{"line":9,"column":16},"end":{"line":19,"column":2}},"3":{"start":{"line":11,"column":8},"end":{"line":11,"column":32}},"4":{"start":{"line":14,"column":25},"end":{"line":14,"column":42}},"5":{"start":{"line":15,"column":21},"end":{"line":15,"column":69}},"6":{"start":{"line":16,"column":26},"end":{"line":16,"column":51}},"7":{"start":{"line":17,"column":8},"end":{"line":17,"column":59}},"8":{"start":{"line":21,"column":0},"end":{"line":21,"column":59}}},"fnMap":{"0":{"name":"(anonymous_0)","decl":{"start":{"line":10,"column":17},"end":{"line":10,"column":18}},"loc":{"start":{"line":10,"column":42},"end":{"line":12,"column":5}},"line":10},"1":{"name":"(anonymous_1)","decl":{"start":{"line":13,"column":14},"end":{"line":13,"column":15}},"loc":{"start":{"line":13,"column":39},"end":{"line":18,"column":5}},"line":13}},"branchMap":{},"s":{"0":1,"1":1,"2":1,"3":1,"4":1,"5":1,"6":1,"7":1,"8":1},"f":{"0":1,"1":1},"b":{},"_coverageSchema":"1a1c01bbd47fc00a2c39e90264f33305004495a9","hash":"6da9d657d76ef3a74cd943f8b8a4c10f65693b66"}
,"/app/src/models/Book.js": {"path":"/app/src/models/Book.js","statementMap":{"0":{"start":{"line":1,"column":17},"end":{"line":1,"column":36}},"1":{"start":{"line":3,"column":16},"end":{"line":6,"column":18}},"2":{"start":{"line":8,"column":19},"end":{"line":17,"column":2}},"3":{"start":{"line":19,"column":0},"end":{"line":19,"column":51}}},"fnMap":{},"branchMap":{},"s":{"0":1,"1":1,"2":1,"3":1},"f":{},"b":{},"_coverageSchema":"1a1c01bbd47fc00a2c39e90264f33305004495a9","hash":"3385695f3dd6a6bd3d1c328d180f9a65cbd42bc2"}
,"/app/src/models/User.js": {"path":"/app/src/models/User.js","statementMap":{"0":{"start":{"line":1,"column":17},"end":{"line":1,"column":36}},"1":{"start":{"line":3,"column":19},"end":{"line":7,"column":2}},"2":{"start":{"line":9,"column":0},"end":{"line":9,"column":51}}},"fnMap":{},"branchMap":{},"s":{"0":1,"1":1,"2":1},"f":{},"b":{},"_coverageSchema":"1a1c01bbd47fc00a2c39e90264f33305004495a9","hash":"3f3be02744b943828f1023fb6a31d12059c618a3"}
,"/app/src/routes/book.js": {"path":"/app/src/routes/book.js","statementMap":{"0":{"start":{"line":1,"column":16},"end":{"line":1,"column":34}},"1":{"start":{"line":2,"column":15},"end":{"line":2,"column":31}},"2":{"start":{"line":3,"column":15},"end":{"line":3,"column":53}},"3":{"start":{"line":4,"column":13},"end":{"line":4,"column":42}},"4":{"start":{"line":5,"column":24},"end":{"line":5,"column":54}},"5":{"start":{"line":7,"column":0},"end":{"line":7,"column":44}},"6":{"start":{"line":8,"column":0},"end":{"line":8,"column":46}},"7":{"start":{"line":9,"column":0},"end":{"line":9,"column":60}},"8":{"start":{"line":10,"column":0},"end":{"line":10,"column":61}},"9":{"start":{"line":11,"column":0},"end":{"line":11,"column":68}},"10":{"start":{"line":12,"column":0},"end":{"line":12,"column":55}},"11":{"start":{"line":15,"column":0},"end":{"line":15,"column":23}}},"fnMap":{},"branchMap":{},"s":{"0":1,"1":1,"2":1,"3":1,"4":1,"5":1,"6":1,"7":1,"8":1,"9":1,"10":1,"11":1},"f":{},"b":{},"_coverageSchema":"1a1c01bbd47fc00a2c39e90264f33305004495a9","hash":"7e96f7d8027bca64c1a2210ae8b2e14ba2e02c63"}
,"/app/src/routes/user.js": {"path":"/app/src/routes/user.js","statementMap":{"0":{"start":{"line":1,"column":16},"end":{"line":1,"column":34}},"1":{"start":{"line":2,"column":15},"end":{"line":2,"column":31}},"2":{"start":{"line":3,"column":24},"end":{"line":3,"column":54}},"3":{"start":{"line":5,"column":0},"end":{"line":5,"column":46}},"4":{"start":{"line":6,"column":0},"end":{"line":6,"column":44}},"5":{"start":{"line":8,"column":0},"end":{"line":8,"column":23}}},"fnMap":{},"branchMap":{},"s":{"0":1,"1":1,"2":1,"3":1,"4":1,"5":1},"f":{},"b":{},"_coverageSchema":"1a1c01bbd47fc00a2c39e90264f33305004495a9","hash":"4126fed03c669031209d3e9fa03a4032636cfffd"}
,"/app/src/utils/auth.js": {"path":"/app/src/utils/auth.js","statementMap":{"0":{"start":{"line":1,"column":12},"end":{"line":1,"column":35}},"1":{"start":{"line":2,"column":21},"end":{"line":2,"column":45}},"2":{"start":{"line":4,"column":30},"end":{"line":9,"column":1}},"3":{"start":{"line":5,"column":20},"end":{"line":7,"column":5}},"4":{"start":{"line":8,"column":4},"end":{"line":8,"column":63}},"5":{"start":{"line":11,"column":0},"end":{"line":11,"column":38}}},"fnMap":{"0":{"name":"(anonymous_0)","decl":{"start":{"line":4,"column":30},"end":{"line":4,"column":31}},"loc":{"start":{"line":4,"column":42},"end":{"line":9,"column":1}},"line":4}},"branchMap":{},"s":{"0":1,"1":1,"2":1,"3":1,"4":1,"5":1},"f":{"0":1},"b":{},"_coverageSchema":"1a1c01bbd47fc00a2c39e90264f33305004495a9","hash":"9a15898869564f51054e3a0fec49ddb86010f8fd"}
}
