TN:
SF:src/server.js
FN:12,(anonymous_0)
FN:13,(anonymous_1)
FN:17,(anonymous_2)
FN:18,(anonymous_3)
FN:28,(anonymous_4)
FNF:5
FNH:3
FNDA:1,(anonymous_0)
FNDA:1,(anonymous_1)
FNDA:1,(anonymous_2)
FNDA:0,(anonymous_3)
FNDA:0,(anonymous_4)
DA:1,1
DA:2,1
DA:3,1
DA:4,1
DA:5,1
DA:6,1
DA:8,1
DA:9,1
DA:10,1
DA:12,1
DA:13,1
DA:15,1
DA:16,1
DA:17,1
DA:18,0
DA:20,1
DA:21,1
DA:22,1
DA:24,1
DA:25,1
DA:26,1
DA:27,1
DA:28,0
DA:30,1
DA:35,1
LF:25
LH:23
BRDA:15,0,0,1
BRDA:15,0,1,0
BRDA:27,1,0,0
BRDA:27,1,1,1
BRF:4
BRH:2
end_of_record
TN:
SF:src/controllers/book.js
FN:5,(anonymous_0)
FN:20,(anonymous_1)
FN:29,(anonymous_2)
FN:38,(anonymous_3)
FN:57,(anonymous_4)
FN:81,(anonymous_5)
FNF:6
FNH:6
FNDA:1,(anonymous_0)
FNDA:1,(anonymous_1)
FNDA:1,(anonymous_2)
FNDA:2,(anonymous_3)
FNDA:1,(anonymous_4)
FNDA:1,(anonymous_5)
DA:1,1
DA:2,1
DA:3,1
DA:5,1
DA:6,1
DA:7,1
DA:12,1
DA:13,1
DA:14,1
DA:16,0
DA:20,1
DA:21,1
DA:22,1
DA:23,1
DA:25,0
DA:29,1
DA:30,1
DA:31,1
DA:32,1
DA:34,0
DA:38,1
DA:39,2
DA:40,2
DA:41,2
DA:42,1
DA:44,1
DA:45,0
DA:48,1
DA:49,1
DA:50,1
DA:51,1
DA:53,0
DA:57,1
DA:58,1
DA:59,1
DA:66,1
DA:67,1
DA:68,0
DA:71,1
DA:75,1
DA:77,0
DA:81,1
DA:82,1
DA:83,1
DA:84,1
DA:85,1
DA:87,0
LF:47
LH:39
BRDA:41,0,0,1
BRDA:41,0,1,1
BRDA:44,1,0,0
BRDA:44,1,1,1
BRDA:59,2,0,0
BRDA:59,2,1,1
BRDA:67,3,0,0
BRDA:67,3,1,1
BRF:8
BRH:5
end_of_record
TN:
SF:src/controllers/user.js
FN:8,(anonymous_0)
FN:24,(anonymous_1)
FNF:2
FNH:2
FNDA:1,(anonymous_0)
FNDA:3,(anonymous_1)
DA:1,1
DA:2,1
DA:3,1
DA:4,1
DA:5,1
DA:8,1
DA:10,1
DA:11,1
DA:12,1
DA:17,1
DA:18,1
DA:20,0
DA:24,1
DA:25,3
DA:26,3
DA:27,3
DA:28,1
DA:30,2
DA:31,2
DA:32,1
DA:34,1
DA:46,0
LF:22
LH:20
BRDA:27,0,0,1
BRDA:27,0,1,2
BRDA:31,1,0,1
BRDA:31,1,1,1
BRF:4
BRH:4
end_of_record
TN:
SF:src/middleware/auth.js
FN:5,(anonymous_0)
FNF:1
FNH:1
FNDA:7,(anonymous_0)
DA:1,1
DA:2,1
DA:3,1
DA:5,1
DA:6,7
DA:7,7
DA:8,7
DA:9,5
DA:10,5
DA:13,5
DA:15,2
LF:11
LH:11
BRF:0
BRH:0
end_of_record
TN:
SF:src/middleware/multer-config.js
FN:10,(anonymous_0)
FN:13,(anonymous_1)
FNF:2
FNH:2
FNDA:1,(anonymous_0)
FNDA:1,(anonymous_1)
DA:1,1
DA:3,1
DA:9,1
DA:11,1
DA:14,1
DA:15,1
DA:16,1
DA:17,1
DA:21,1
LF:9
LH:9
BRF:0
BRH:0
end_of_record
TN:
SF:src/models/Book.js
FNF:0
FNH:0
DA:1,1
DA:3,1
DA:8,1
DA:19,1
LF:4
LH:4
BRF:0
BRH:0
end_of_record
TN:
SF:src/models/User.js
FNF:0
FNH:0
DA:1,1
DA:3,1
DA:9,1
LF:3
LH:3
BRF:0
BRH:0
end_of_record
TN:
SF:src/routes/book.js
FNF:0
FNH:0
DA:1,1
DA:2,1
DA:3,1
DA:4,1
DA:5,1
DA:7,1
DA:8,1
DA:9,1
DA:10,1
DA:11,1
DA:12,1
DA:15,1
LF:12
LH:12
BRF:0
BRH:0
end_of_record
TN:
SF:src/routes/user.js
FNF:0
FNH:0
DA:1,1
DA:2,1
DA:3,1
DA:5,1
DA:6,1
DA:8,1
LF:6
LH:6
BRF:0
BRH:0
end_of_record
TN:
SF:src/utils/auth.js
FN:4,(anonymous_0)
FNF:1
FNH:1
FNDA:1,(anonymous_0)
DA:1,1
DA:2,1
DA:4,1
DA:5,1
DA:8,1
DA:11,1
LF:6
LH:6
BRF:0
BRH:0
end_of_record
